Using pre-set license
Built from '2021.1/staging' branch; Version is '2021.1.5f1 (3737af19df53) revision 3618735'; Using compiler version '192528614'; Build Type 'Release'
OS: 'Windows 10 Home Single Language; OS build 22631.3880; Version 2009; 64bit' Language: 'en' Physical Memory: 5996 MB
BatchMode: 1, IsHumanControllingUs: 0, StartBugReporterOnCrash: 0, Is64bit: 1, IsPro: 0

 COMMAND LINE ARGUMENTS:
C:\Program Files\Unity\Hub\Editor\2021.1.5f1\Editor\Unity.exe
-adb2
-batchMode
-noUpm
-name
AssetImportWorker0
-projectPath
D:/Games/project/Test Assignment
-logFile
Logs/AssetImportWorker0.log
-srvPort
49928
Successfully changed project path to: D:/Games/project/Test Assignment
D:/Games/project/Test Assignment
Using Asset Import Pipeline V2.
Refreshing native plugins compatible for Editor in 137.29 ms, found 1 plugins.
Preloading 0 native plugins for Editor in 0.00 ms.
Initialize engine version: 2021.1.5f1 (3737af19df53)
[Subsystems] Discovering subsystems at path C:/Program Files/Unity/Hub/Editor/2021.1.5f1/Editor/Data/Resources/UnitySubsystems
[Subsystems] Discovering subsystems at path D:/Games/project/Test Assignment/Assets
GfxDevice: creating device client; threaded=0; jobified=0
Direct3D:
    Version:  Direct3D 11.0 [level 11.1]
    Renderer: NVIDIA GeForce GTX 1650 (ID=0x1f9d)
    Vendor:   NVIDIA
    VRAM:     3952 MB
    Driver:   31.0.15.3197
Initialize mono
Mono path[0] = 'C:/Program Files/Unity/Hub/Editor/2021.1.5f1/Editor/Data/Managed'
Mono path[1] = 'C:/Program Files/Unity/Hub/Editor/2021.1.5f1/Editor/Data/MonoBleedingEdge/lib/mono/unityjit'
Mono config path = 'C:/Program Files/Unity/Hub/Editor/2021.1.5f1/Editor/Data/MonoBleedingEdge/etc'
Using monoOptions --debugger-agent=transport=dt_socket,embedding=1,server=y,suspend=n,address=127.0.0.1:56460
Begin MonoManager ReloadAssembly
Registering precompiled unity dll's ...
Register platform support module: C:/Program Files/Unity/Hub/Editor/2021.1.5f1/Editor/Data/PlaybackEngines/WindowsStandaloneSupport/UnityEditor.WindowsStandalone.Extensions.dll
Registered in 0.003985 seconds.
Native extension for WindowsStandalone target not found
Refreshing native plugins compatible for Editor in 135.48 ms, found 1 plugins.
Preloading 0 native plugins for Editor in 0.00 ms.
Mono: successfully reloaded assembly
- Completed reload, in  4.521 seconds
Platform modules already initialized, skipping
Registering precompiled user dll's ...
Registered in 0.004039 seconds.
Begin MonoManager ReloadAssembly
Native extension for WindowsStandalone target not found
Refreshing native plugins compatible for Editor in 1.04 ms, found 1 plugins.
Preloading 0 native plugins for Editor in 0.00 ms.
Mono: successfully reloaded assembly
- Completed reload, in  1.741 seconds
Platform modules already initialized, skipping
========================================================================
Worker process is ready to serve import requests
Launched and connected shader compiler UnityShaderCompiler.exe after 0.11 seconds
Refreshing native plugins compatible for Editor in 1.40 ms, found 1 plugins.
Preloading 0 native plugins for Editor in 0.00 ms.
Unloading 2676 Unused Serialized files (Serialized files now loaded: 0)
System memory in use before: 98.3 MB.
System memory in use after: 98.5 MB.

Unloading 14 unused Assets to reduce memory usage. Loaded Objects now: 3130.
Total: 4.995500 ms (FindLiveObjects: 0.438000 ms CreateObjectMapping: 0.173900 ms MarkObjects: 4.239700 ms  DeleteObjects: 0.142000 ms)

========================================================================
Received Import Request.
  path: Assets/ObstacleData.asset
  artifactKey: Guid(038d77e060fed73498ebec759714941b) Importer(815301076,1909f56bfc062723c751e8b465ee728b)
Start importing Assets/ObstacleData.asset using Guid(038d77e060fed73498ebec759714941b) Importer(815301076,1909f56bfc062723c751e8b465ee728b)  -> (artifact id: 'a2a3070cbad68347438862b641791545') in 0.301835 seconds 
========================================================================
Received Import Request.
  Time since last request: 59.573953 seconds.
  path: Assets/Prefab/PlayerCube.prefab
  artifactKey: Guid(b012b8f0b02455745889138ee30e622e) Importer(815301076,1909f56bfc062723c751e8b465ee728b)
Start importing Assets/Prefab/PlayerCube.prefab using Guid(b012b8f0b02455745889138ee30e622e) Importer(815301076,1909f56bfc062723c751e8b465ee728b)  -> (artifact id: '07eed1aa2857dafd809be1bcf9593481') in 0.187483 seconds 
========================================================================
Received Import Request.
  Time since last request: 8.786131 seconds.
  path: Assets/Prefab/EnmyCube.prefab
  artifactKey: Guid(ba8a95fbdfa4f5d40af6a940f274a4ce) Importer(815301076,1909f56bfc062723c751e8b465ee728b)
Start importing Assets/Prefab/EnmyCube.prefab using Guid(ba8a95fbdfa4f5d40af6a940f274a4ce) Importer(815301076,1909f56bfc062723c751e8b465ee728b)  -> (artifact id: '41b788d691a2047b01da85cf87e29c7f') in 0.024053 seconds 
========================================================================
Received Import Request.
  Time since last request: 18.487136 seconds.
  path: Assets/Scripts/EnemyAI
  artifactKey: Guid(67e86f4dd2679bd40a1eb8b2524aae72) Importer(815301076,1909f56bfc062723c751e8b465ee728b)
Start importing Assets/Scripts/EnemyAI using Guid(67e86f4dd2679bd40a1eb8b2524aae72) Importer(815301076,1909f56bfc062723c751e8b465ee728b)  -> (artifact id: '920d1a904aed87f3ed56b4a98997fdd2') in 0.019997 seconds 
========================================================================
Received Prepare
Registering precompiled user dll's ...
Registered in 0.003970 seconds.
Begin MonoManager ReloadAssembly
Native extension for WindowsStandalone target not found
Refreshing native plugins compatible for Editor in 0.86 ms, found 1 plugins.
Preloading 0 native plugins for Editor in 0.00 ms.
Mono: successfully reloaded assembly
- Completed reload, in  1.667 seconds
Platform modules already initialized, skipping
Refreshing native plugins compatible for Editor in 0.88 ms, found 1 plugins.
Preloading 0 native plugins for Editor in 0.00 ms.
Unloading 2670 Unused Serialized files (Serialized files now loaded: 0)
System memory in use before: 101.9 MB.
System memory in use after: 102.1 MB.

Unloading 9 unused Assets to reduce memory usage. Loaded Objects now: 3141.
Total: 3.413300 ms (FindLiveObjects: 0.322700 ms CreateObjectMapping: 0.210000 ms MarkObjects: 2.850900 ms  DeleteObjects: 0.028100 ms)

========================================================================
Received Import Request.
  Time since last request: 19.731271 seconds.
  path: Assets/Prefab/EnemyCube.prefab
  artifactKey: Guid(ba8a95fbdfa4f5d40af6a940f274a4ce) Importer(815301076,1909f56bfc062723c751e8b465ee728b)
Start importing Assets/Prefab/EnemyCube.prefab using Guid(ba8a95fbdfa4f5d40af6a940f274a4ce) Importer(815301076,1909f56bfc062723c751e8b465ee728b)  -> (artifact id: '744e49f093c1a9e25535ff334a72d68a') in 0.133942 seconds 
========================================================================
Received Prepare
Registering precompiled user dll's ...
Registered in 0.004122 seconds.
Begin MonoManager ReloadAssembly
Native extension for WindowsStandalone target not found
Refreshing native plugins compatible for Editor in 0.81 ms, found 1 plugins.
Preloading 0 native plugins for Editor in 0.00 ms.
Mono: successfully reloaded assembly
- Completed reload, in  1.439 seconds
Platform modules already initialized, skipping
Refreshing native plugins compatible for Editor in 0.89 ms, found 1 plugins.
Preloading 0 native plugins for Editor in 0.00 ms.
Unloading 2670 Unused Serialized files (Serialized files now loaded: 0)
System memory in use before: 101.9 MB.
System memory in use after: 102.1 MB.

Unloading 9 unused Assets to reduce memory usage. Loaded Objects now: 3145.
Total: 3.273700 ms (FindLiveObjects: 0.363800 ms CreateObjectMapping: 0.167400 ms MarkObjects: 2.712400 ms  DeleteObjects: 0.028100 ms)

AssetImportWorkerClient::OnTransportError - code=2 error=End of file
